<?xml version="1.0" encoding="UTF-8"?>
<!-- Generated by org.testng.reporters.JUnitReportReporter -->
<testsuite hostname="DESKTOP-2JPVAKH" failures="0" tests="1" name="testCases.TC001_RegistrationTest" time="2.988" errors="0" timestamp="2024-09-27T13:00:29 IST" skipped="0">
  <testcase classname="testCases.TC001_RegistrationTest" name="verify_account_registration" time="2.988"/>
</testsuite> <!-- testCases.TC001_RegistrationTest -->
